This is pdfTeX, Version 3.1415926-1.40.10 (TeX Live 2009/Debian) (format=pdflatex 2012.6.7)  12 JUN 2012 02:34
entering extended mode
 %&-line parsing enabled.
**thesis.tex
(./thesis.tex
LaTeX2e <2009/09/24>
Babel <v3.8l> and hyphenation patterns for english, usenglishmax, dumylang, noh
yphenation, farsi, arabic, croatian, bulgarian, ukrainian, russian, czech, slov
ak, danish, dutch, finnish, french, basque, ngerman, german, german-x-2009-06-1
9, ngerman-x-2009-06-19, ibycus, monogreek, greek, ancientgreek, hungarian, san
skrit, italian, latin, latvian, lithuanian, mongolian2a, mongolian, bokmal, nyn
orsk, romanian, irish, coptic, serbian, turkish, welsh, esperanto, uppersorbian
, estonian, indonesian, interlingua, icelandic, kurmanji, slovenian, polish, po
rtuguese, spanish, galician, catalan, swedish, ukenglish, pinyin, loaded.
(./llncs.cls
Document Class: llncs 2004/08/17 v2.14 
 LaTeX document class for Lecture Notes in Computer Science
(/usr/share/texmf-texlive/tex/latex/base/article.cls
Document Class: article 2007/10/19 v1.4h Standard LaTeX document class
(/usr/share/texmf-texlive/tex/latex/base/size10.clo
File: size10.clo 2007/10/19 v1.4h Standard LaTeX file (size option)
)
\c@part=\count79
\c@section=\count80
\c@subsection=\count81
\c@subsubsection=\count82
\c@paragraph=\count83
\c@subparagraph=\count84
\c@figure=\count85
\c@table=\count86
\abovecaptionskip=\skip41
\belowcaptionskip=\skip42
\bibindent=\dimen102
)
(/usr/share/texmf-texlive/tex/latex/tools/multicol.sty
Package: multicol 2008/12/05 v1.6h multicolumn formatting (FMi)
\c@tracingmulticols=\count87
\mult@box=\box26
\multicol@leftmargin=\dimen103
\c@unbalance=\count88
\c@collectmore=\count89
\doublecol@number=\count90
\multicoltolerance=\count91
\multicolpretolerance=\count92
\full@width=\dimen104
\page@free=\dimen105
\premulticols=\dimen106
\postmulticols=\dimen107
\multicolsep=\skip43
\multicolbaselineskip=\skip44
\partial@page=\box27
\last@line=\box28
\mult@rightbox=\box29
\mult@grightbox=\box30
\mult@gfirstbox=\box31
\mult@firstbox=\box32
\@tempa=\box33
\@tempa=\box34
\@tempa=\box35
\@tempa=\box36
\@tempa=\box37
\@tempa=\box38
\@tempa=\box39
\@tempa=\box40
\@tempa=\box41
\@tempa=\box42
\@tempa=\box43
\@tempa=\box44
\@tempa=\box45
\@tempa=\box46
\@tempa=\box47
\@tempa=\box48
\@tempa=\box49
\c@columnbadness=\count93
\c@finalcolumnbadness=\count94
\last@try=\dimen108
\multicolovershoot=\dimen109
\multicolundershoot=\dimen110
\mult@nat@firstbox=\box50
\colbreak@box=\box51
)
\c@chapter=\count95
LaTeX Font Info:    Redeclaring math symbol \Gamma on input line 360.
LaTeX Font Info:    Redeclaring math symbol \Delta on input line 361.
LaTeX Font Info:    Redeclaring math symbol \Theta on input line 362.
LaTeX Font Info:    Redeclaring math symbol \Lambda on input line 363.
LaTeX Font Info:    Redeclaring math symbol \Xi on input line 364.
LaTeX Font Info:    Redeclaring math symbol \Pi on input line 365.
LaTeX Font Info:    Redeclaring math symbol \Sigma on input line 366.
LaTeX Font Info:    Redeclaring math symbol \Upsilon on input line 367.
LaTeX Font Info:    Redeclaring math symbol \Phi on input line 368.
LaTeX Font Info:    Redeclaring math symbol \Psi on input line 369.
LaTeX Font Info:    Redeclaring math symbol \Omega on input line 370.
\tocchpnum=\dimen111
\tocsecnum=\dimen112
\tocsectotal=\dimen113
\tocsubsecnum=\dimen114
\tocsubsectotal=\dimen115
\tocsubsubsecnum=\dimen116
\tocsubsubsectotal=\dimen117
\tocparanum=\dimen118
\tocparatotal=\dimen119
\tocsubparanum=\dimen120
\fnindent=\dimen121
\c@@inst=\count96
\c@@auth=\count97
\c@auco=\count98
\instindent=\dimen122
\authrun=\box52
\authorrunning=\toks14
\tocauthor=\toks15
\titrun=\box53
\titlerunning=\toks16
\toctitle=\toks17
\secrun=\box54
\sectionrunning=\toks18
\tocsection=\toks19
\c@theorem=\count99
\c@case=\count100
\c@conjecture=\count101
\c@corollary=\count102
\c@definition=\count103
\c@example=\count104
\c@exercise=\count105
\c@lemma=\count106
\c@note=\count107
\c@problem=\count108
\c@property=\count109
\c@proposition=\count110
\c@question=\count111
\c@solution=\count112
\c@remark=\count113
\headlineindent=\dimen123
)
(/usr/share/texmf-texlive/tex/latex/graphics/graphicx.sty
Package: graphicx 1999/02/16 v1.0f Enhanced LaTeX Graphics (DPC,SPQR)

(/usr/share/texmf-texlive/tex/latex/graphics/keyval.sty
Package: keyval 1999/03/16 v1.13 key=value parser (DPC)
\KV@toks@=\toks20
)
(/usr/share/texmf-texlive/tex/latex/graphics/graphics.sty
Package: graphics 2009/02/05 v1.0o Standard LaTeX Graphics (DPC,SPQR)

(/usr/share/texmf-texlive/tex/latex/graphics/trig.sty
Package: trig 1999/03/16 v1.09 sin cos tan (DPC)
)
(/etc/texmf/tex/latex/config/graphics.cfg
File: graphics.cfg 2009/08/28 v1.8 graphics configuration of TeX Live
)
Package graphics Info: Driver file: pdftex.def on input line 91.

(/usr/share/texmf-texlive/tex/latex/pdftex-def/pdftex.def
File: pdftex.def 2010/03/12 v0.04p Graphics/color for pdfTeX
\Gread@gobject=\count114
))
\Gin@req@height=\dimen124
\Gin@req@width=\dimen125
)
(/usr/share/texmf-texlive/tex/latex/graphics/color.sty
Package: color 2005/11/14 v1.0j Standard LaTeX Color (DPC)

(/etc/texmf/tex/latex/config/color.cfg
File: color.cfg 2007/01/18 v1.5 color configuration of teTeX/TeXLive
)
Package color Info: Driver file: pdftex.def on input line 130.
)
(/usr/share/texmf-texlive/tex/latex/amsmath/amsmath.sty
Package: amsmath 2000/07/18 v2.13 AMS math features
\@mathmargin=\skip45

For additional information on amsmath, use the `?' option.
(/usr/share/texmf-texlive/tex/latex/amsmath/amstext.sty
Package: amstext 2000/06/29 v2.01

(/usr/share/texmf-texlive/tex/latex/amsmath/amsgen.sty
File: amsgen.sty 1999/11/30 v2.0
\@emptytoks=\toks21
\ex@=\dimen126
))
(/usr/share/texmf-texlive/tex/latex/amsmath/amsbsy.sty
Package: amsbsy 1999/11/29 v1.2d
\pmbraise@=\dimen127
)
(/usr/share/texmf-texlive/tex/latex/amsmath/amsopn.sty
Package: amsopn 1999/12/14 v2.01 operator names
)
\inf@bad=\count115
LaTeX Info: Redefining \frac on input line 211.
\uproot@=\count116
\leftroot@=\count117
LaTeX Info: Redefining \overline on input line 307.
\classnum@=\count118
\DOTSCASE@=\count119
LaTeX Info: Redefining \ldots on input line 379.
LaTeX Info: Redefining \dots on input line 382.
LaTeX Info: Redefining \cdots on input line 467.
\Mathstrutbox@=\box55
\strutbox@=\box56
\big@size=\dimen128
LaTeX Font Info:    Redeclaring font encoding OML on input line 567.
LaTeX Font Info:    Redeclaring font encoding OMS on input line 568.


Package amsmath Warning: Unable to redefine math accent \vec.

\macc@depth=\count120
\c@MaxMatrixCols=\count121
\dotsspace@=\muskip10
\c@parentequation=\count122
\dspbrk@lvl=\count123
\tag@help=\toks22
\row@=\count124
\column@=\count125
\maxfields@=\count126
\andhelp@=\toks23
\eqnshift@=\dimen129
\alignsep@=\dimen130
\tagshift@=\dimen131
\tagwidth@=\dimen132
\totwidth@=\dimen133
\lineht@=\dimen134
\@envbody=\toks24
\multlinegap=\skip46
\multlinetaggap=\skip47
\mathdisplay@stack=\toks25
LaTeX Info: Redefining \[ on input line 2666.
LaTeX Info: Redefining \] on input line 2667.
) (/usr/share/texmf-texlive/tex/latex/amsfonts/amssymb.sty
Package: amssymb 2009/06/22 v3.00

(/usr/share/texmf-texlive/tex/latex/amsfonts/amsfonts.sty
Package: amsfonts 2009/06/22 v3.00 Basic AMSFonts support
\symAMSa=\mathgroup4
\symAMSb=\mathgroup5
LaTeX Font Info:    Overwriting math alphabet `\mathfrak' in version `bold'
(Font)                  U/euf/m/n --> U/euf/b/n on input line 96.
))
(/usr/share/texmf-texlive/tex/latex/multirow/multirow.sty
\bigstrutjot=\dimen135
)
(/usr/share/texmf-texlive/tex/latex/algorithm2e/algorithm2e.sty
Package: algorithm2e 2005/10/04 v3.9 algorithms environments
\c@AlgoLine=\count127

(/usr/share/texmf-texlive/tex/latex/base/ifthen.sty
Package: ifthen 2001/05/26 v1.1c Standard LaTeX ifthen package (DPC)
)
(/usr/share/texmf-texlive/tex/latex/tools/xspace.sty
Package: xspace 2006/05/08 v1.12 Space after command names (DPC,MH)
)
********************************************************
Package `algorithm2e' Release 3.9 -- october 04 2005 --
- algorithm2e-announce@lirmm.fr mailing list for announcement about releases
- algorithm2e-discussion@lirmm.fr mailing list for discussion about package
subscribe by emailing sympa@lirmm.fr with 'subscribe <list> <firstname name>'
- Author: Christophe Fiorio (fiorio@lirmm.fr)
********************************************************
\skiptotal=\skip48
\skiprule=\skip49
\skiphlne=\skip50
\skiptext=\skip51
\skiplength=\skip52
\algomargin=\skip53
\skipalgocfslide=\skip54
\algowidth=\dimen136
\inoutsize=\dimen137
\inoutline=\dimen138
\algocf@inoutbox=\box57
\algocf@inputbox=\box58
\AlCapSkip=\skip55
\AlCapHSkip=\skip56
\algocf@capbox=\box59
\c@algocfline=\count128
\c@algocf=\count129
\algocf@algoframe=\box60
\algocf@algobox=\box61
) (/usr/share/texmf-texlive/tex/latex/fancyvrb/fancyvrb.sty
Package: fancyvrb 2008/02/07

Style option: `fancyvrb' v2.7a, with DG/SPQR fixes, and firstline=lastline fix 
<2008/02/07> (tvz)
\FV@CodeLineNo=\count130
\FV@InFile=\read1
\FV@TabBox=\box62
\c@FancyVerbLine=\count131
\FV@StepNumber=\count132
\FV@OutFile=\write3
) (/usr/share/texmf-texlive/tex/latex/fancyhdr/fancyhdr.sty
\fancy@headwidth=\skip57
\f@ncyO@elh=\skip58
\f@ncyO@erh=\skip59
\f@ncyO@olh=\skip60
\f@ncyO@orh=\skip61
\f@ncyO@elf=\skip62
\f@ncyO@erf=\skip63
\f@ncyO@olf=\skip64
\f@ncyO@orf=\skip65
)
(./todonotes.sty
Package: todonotes 2008/07/30
 (/usr/share/texmf-texlive/tex/latex/xkeyval/xkeyval.sty
Package: xkeyval 2008/08/13 v2.6a package option processing (HA)

(/usr/share/texmf-texlive/tex/generic/xkeyval/xkeyval.tex
\XKV@toks=\toks26
\XKV@tempa@toks=\toks27
\XKV@depth=\count133
File: xkeyval.tex 2008/08/13 v2.6a key=value parser (HA)
))
(/usr/share/texmf-texlive/tex/latex/hyperref/hyperref.sty
Package: hyperref 2009/10/09 v6.79a Hypertext links for LaTeX

(/usr/share/texmf-texlive/tex/generic/oberdiek/ifpdf.sty
Package: ifpdf 2009/04/10 v2.0 Provides the ifpdf switch (HO)
Package ifpdf Info: pdfTeX in pdf mode detected.
)
(/usr/share/texmf-texlive/tex/generic/oberdiek/ifvtex.sty
Package: ifvtex 2008/11/04 v1.4 Switches for detecting VTeX and its modes (HO)
Package ifvtex Info: VTeX not detected.
)
(/usr/share/texmf-texlive/tex/generic/ifxetex/ifxetex.sty
Package: ifxetex 2009/01/23 v0.5 Provides ifxetex conditional
)
(/usr/share/texmf-texlive/tex/latex/oberdiek/hycolor.sty
Package: hycolor 2009/10/02 v1.5 Code for color options of hyperref/bookmark (H
O)

(/usr/share/texmf-texlive/tex/latex/oberdiek/xcolor-patch.sty
Package: xcolor-patch 2009/10/02 xcolor patch
))
\@linkdim=\dimen139
\Hy@linkcounter=\count134
\Hy@pagecounter=\count135

(/usr/share/texmf-texlive/tex/latex/hyperref/pd1enc.def
File: pd1enc.def 2009/10/09 v6.79a Hyperref: PDFDocEncoding definition (HO)
)
(/usr/share/texmf-texlive/tex/generic/oberdiek/etexcmds.sty
Package: etexcmds 2007/12/12 v1.2 Prefix for e-TeX command names (HO)

(/usr/share/texmf-texlive/tex/generic/oberdiek/infwarerr.sty
Package: infwarerr 2007/09/09 v1.2 Providing info/warning/message (HO)
)
Package etexcmds Info: Could not find \expanded.
(etexcmds)             That can mean that you are not using pdfTeX 1.50 or
(etexcmds)             that some package has redefined \expanded.
(etexcmds)             In the latter case, load this package earlier.
)
(/usr/share/texmf-texlive/tex/latex/latexconfig/hyperref.cfg
File: hyperref.cfg 2002/06/06 v1.2 hyperref configuration of TeXLive
)
(/usr/share/texmf-texlive/tex/latex/oberdiek/kvoptions.sty
Package: kvoptions 2009/08/13 v3.4 Keyval support for LaTeX options (HO)

(/usr/share/texmf-texlive/tex/generic/oberdiek/kvsetkeys.sty
Package: kvsetkeys 2009/07/30 v1.5 Key value parser with default handler suppor
t (HO)
))
Package hyperref Info: Hyper figures OFF on input line 2975.
Package hyperref Info: Link nesting OFF on input line 2980.
Package hyperref Info: Hyper index ON on input line 2983.
Package hyperref Info: Plain pages OFF on input line 2990.
Package hyperref Info: Backreferencing OFF on input line 2995.

Implicit mode ON; LaTeX internals redefined
Package hyperref Info: Bookmarks ON on input line 3191.
(/usr/share/texmf-texlive/tex/latex/ltxmisc/url.sty
\Urlmuskip=\muskip11
Package: url 2006/04/12  ver 3.3  Verb mode for urls, etc.
)
LaTeX Info: Redefining \url on input line 3428.

(/usr/share/texmf-texlive/tex/generic/oberdiek/bitset.sty
Package: bitset 2007/09/28 v1.0 Data type bit set (HO)

(/usr/share/texmf-texlive/tex/generic/oberdiek/intcalc.sty
Package: intcalc 2007/09/27 v1.1 Expandable integer calculations (HO)
)
(/usr/share/texmf-texlive/tex/generic/oberdiek/bigintcalc.sty
Package: bigintcalc 2007/11/11 v1.1 Expandable big integer calculations (HO)

(/usr/share/texmf-texlive/tex/generic/oberdiek/pdftexcmds.sty
Package: pdftexcmds 2009/09/23 v0.6 LuaTeX support for pdfTeX utility functions
 (HO)

(/usr/share/texmf-texlive/tex/generic/oberdiek/ifluatex.sty
Package: ifluatex 2009/04/17 v1.2 Provides the ifluatex switch (HO)
Package ifluatex Info: LuaTeX not detected.
)
(/usr/share/texmf-texlive/tex/generic/oberdiek/ltxcmds.sty
Package: ltxcmds 2009/08/05 v1.0 Some LaTeX kernel commands for general use (HO
)
)
Package pdftexcmds Info: LuaTeX not detected.
Package pdftexcmds Info: \pdf@primitive is available.
Package pdftexcmds Info: \pdf@ifprimitive is available.
)))
\Fld@menulength=\count136
\Field@Width=\dimen140
\Fld@charsize=\dimen141
\Field@toks=\toks28
Package hyperref Info: Hyper figures OFF on input line 4377.
Package hyperref Info: Link nesting OFF on input line 4382.
Package hyperref Info: Hyper index ON on input line 4385.
Package hyperref Info: backreferencing OFF on input line 4392.
Package hyperref Info: Link coloring OFF on input line 4397.
Package hyperref Info: Link coloring with OCG OFF on input line 4402.
Package hyperref Info: PDF/A mode OFF on input line 4407.

(/usr/share/texmf-texlive/tex/generic/oberdiek/atbegshi.sty
Package: atbegshi 2008/07/31 v1.9 At begin shipout hook (HO)
)
\Hy@abspage=\count137
\c@Item=\count138
\c@Hfootnote=\count139
)
*hyperref using default driver hpdftex*
(/usr/share/texmf-texlive/tex/latex/hyperref/hpdftex.def
File: hpdftex.def 2009/10/09 v6.79a Hyperref driver for pdfTeX
\Fld@listcount=\count140
)
(/usr/share/texmf/tex/latex/xcolor/xcolor.sty
Package: xcolor 2007/01/21 v2.11 LaTeX color extensions (UK)

(/etc/texmf/tex/latex/config/color.cfg
File: color.cfg 2007/01/18 v1.5 color configuration of teTeX/TeXLive
)
Package xcolor Info: Driver file: pdftex.def on input line 225.
LaTeX Info: Redefining \color on input line 702.
Package xcolor Info: Model `cmy' substituted by `cmy0' on input line 1337.
Package xcolor Info: Model `hsb' substituted by `rgb' on input line 1341.
Package xcolor Info: Model `RGB' extended on input line 1353.
Package xcolor Info: Model `HTML' substituted by `rgb' on input line 1355.
Package xcolor Info: Model `Hsb' substituted by `hsb' on input line 1356.
Package xcolor Info: Model `tHsb' substituted by `hsb' on input line 1357.
Package xcolor Info: Model `HSB' substituted by `hsb' on input line 1358.
Package xcolor Info: Model `Gray' substituted by `gray' on input line 1359.
Package xcolor Info: Model `wave' substituted by `hsb' on input line 1360.
)
(/usr/share/texmf/tex/latex/pgf/frontendlayer/tikz.sty
(/usr/share/texmf/tex/latex/pgf/basiclayer/pgf.sty
(/usr/share/texmf/tex/latex/pgf/utilities/pgfrcs.sty
(/usr/share/texmf/tex/generic/pgf/utilities/pgfutil-common.tex
\pgfutil@everybye=\toks29
)
(/usr/share/texmf/tex/generic/pgf/utilities/pgfutil-latex.def
\pgfutil@abb=\box63

(/usr/share/texmf-texlive/tex/latex/ms/everyshi.sty
Package: everyshi 2001/05/15 v3.00 EveryShipout Package (MS)
))
(/usr/share/texmf/tex/generic/pgf/utilities/pgfrcs.code.tex
Package: pgfrcs 2010/10/25 v2.10 (rcs-revision 1.24)
))
Package: pgf 2008/01/15 v2.10 (rcs-revision 1.12)

(/usr/share/texmf/tex/latex/pgf/basiclayer/pgfcore.sty
(/usr/share/texmf/tex/latex/pgf/systemlayer/pgfsys.sty
(/usr/share/texmf/tex/generic/pgf/systemlayer/pgfsys.code.tex
Package: pgfsys 2010/06/30 v2.10 (rcs-revision 1.37)

(/usr/share/texmf/tex/generic/pgf/utilities/pgfkeys.code.tex
\pgfkeys@pathtoks=\toks30
\pgfkeys@temptoks=\toks31

(/usr/share/texmf/tex/generic/pgf/utilities/pgfkeysfiltered.code.tex
\pgfkeys@tmptoks=\toks32
))
\pgf@x=\dimen142
\pgf@y=\dimen143
\pgf@xa=\dimen144
\pgf@ya=\dimen145
\pgf@xb=\dimen146
\pgf@yb=\dimen147
\pgf@xc=\dimen148
\pgf@yc=\dimen149
\w@pgf@writea=\write4
\r@pgf@reada=\read2
\c@pgf@counta=\count141
\c@pgf@countb=\count142
\c@pgf@countc=\count143
\c@pgf@countd=\count144

(/usr/share/texmf/tex/generic/pgf/systemlayer/pgf.cfg
File: pgf.cfg 2008/05/14  (rcs-revision 1.7)
)
Package pgfsys Info: Driver file for pgf: pgfsys-pdftex.def on input line 900.

(/usr/share/texmf/tex/generic/pgf/systemlayer/pgfsys-pdftex.def
File: pgfsys-pdftex.def 2009/05/22  (rcs-revision 1.26)

(/usr/share/texmf/tex/generic/pgf/systemlayer/pgfsys-common-pdf.def
File: pgfsys-common-pdf.def 2008/05/19  (rcs-revision 1.10)
)))
(/usr/share/texmf/tex/generic/pgf/systemlayer/pgfsyssoftpath.code.tex
File: pgfsyssoftpath.code.tex 2008/07/18  (rcs-revision 1.7)
\pgfsyssoftpath@smallbuffer@items=\count145
\pgfsyssoftpath@bigbuffer@items=\count146
)
(/usr/share/texmf/tex/generic/pgf/systemlayer/pgfsysprotocol.code.tex
File: pgfsysprotocol.code.tex 2006/10/16  (rcs-revision 1.4)
))
(/usr/share/texmf/tex/generic/pgf/basiclayer/pgfcore.code.tex
Package: pgfcore 2010/04/11 v2.10 (rcs-revision 1.7)

(/usr/share/texmf/tex/generic/pgf/math/pgfmath.code.tex
(/usr/share/texmf/tex/generic/pgf/math/pgfmathcalc.code.tex
(/usr/share/texmf/tex/generic/pgf/math/pgfmathutil.code.tex)
(/usr/share/texmf/tex/generic/pgf/math/pgfmathparser.code.tex
\pgfmath@dimen=\dimen150
\pgfmath@count=\count147
\pgfmath@box=\box64
\pgfmath@toks=\toks33
\pgfmath@stack@operand=\toks34
\pgfmath@stack@operation=\toks35
)
(/usr/share/texmf/tex/generic/pgf/math/pgfmathfunctions.code.tex
(/usr/share/texmf/tex/generic/pgf/math/pgfmathfunctions.basic.code.tex)
(/usr/share/texmf/tex/generic/pgf/math/pgfmathfunctions.trigonometric.code.tex)
(/usr/share/texmf/tex/generic/pgf/math/pgfmathfunctions.random.code.tex)
(/usr/share/texmf/tex/generic/pgf/math/pgfmathfunctions.comparison.code.tex)
(/usr/share/texmf/tex/generic/pgf/math/pgfmathfunctions.base.code.tex)
(/usr/share/texmf/tex/generic/pgf/math/pgfmathfunctions.round.code.tex)
(/usr/share/texmf/tex/generic/pgf/math/pgfmathfunctions.misc.code.tex)))
(/usr/share/texmf/tex/generic/pgf/math/pgfmathfloat.code.tex
\c@pgfmathroundto@lastzeros=\count148
))
(/usr/share/texmf/tex/generic/pgf/basiclayer/pgfcorepoints.code.tex
File: pgfcorepoints.code.tex 2010/04/09  (rcs-revision 1.20)
\pgf@picminx=\dimen151
\pgf@picmaxx=\dimen152
\pgf@picminy=\dimen153
\pgf@picmaxy=\dimen154
\pgf@pathminx=\dimen155
\pgf@pathmaxx=\dimen156
\pgf@pathminy=\dimen157
\pgf@pathmaxy=\dimen158
\pgf@xx=\dimen159
\pgf@xy=\dimen160
\pgf@yx=\dimen161
\pgf@yy=\dimen162
\pgf@zx=\dimen163
\pgf@zy=\dimen164
)
(/usr/share/texmf/tex/generic/pgf/basiclayer/pgfcorepathconstruct.code.tex
File: pgfcorepathconstruct.code.tex 2010/08/03  (rcs-revision 1.24)
\pgf@path@lastx=\dimen165
\pgf@path@lasty=\dimen166
)
(/usr/share/texmf/tex/generic/pgf/basiclayer/pgfcorepathusage.code.tex
File: pgfcorepathusage.code.tex 2008/04/22  (rcs-revision 1.12)
\pgf@shorten@end@additional=\dimen167
\pgf@shorten@start@additional=\dimen168
)
(/usr/share/texmf/tex/generic/pgf/basiclayer/pgfcorescopes.code.tex
File: pgfcorescopes.code.tex 2010/09/08  (rcs-revision 1.34)
\pgfpic=\box65
\pgf@hbox=\box66
\pgf@layerbox@main=\box67
\pgf@picture@serial@count=\count149
)
(/usr/share/texmf/tex/generic/pgf/basiclayer/pgfcoregraphicstate.code.tex
File: pgfcoregraphicstate.code.tex 2008/04/22  (rcs-revision 1.9)
\pgflinewidth=\dimen169
)
(/usr/share/texmf/tex/generic/pgf/basiclayer/pgfcoretransformations.code.tex
File: pgfcoretransformations.code.tex 2009/06/10  (rcs-revision 1.11)
\pgf@pt@x=\dimen170
\pgf@pt@y=\dimen171
\pgf@pt@temp=\dimen172
)
(/usr/share/texmf/tex/generic/pgf/basiclayer/pgfcorequick.code.tex
File: pgfcorequick.code.tex 2008/10/09  (rcs-revision 1.3)
)
(/usr/share/texmf/tex/generic/pgf/basiclayer/pgfcoreobjects.code.tex
File: pgfcoreobjects.code.tex 2006/10/11  (rcs-revision 1.2)
)
(/usr/share/texmf/tex/generic/pgf/basiclayer/pgfcorepathprocessing.code.tex
File: pgfcorepathprocessing.code.tex 2008/10/09  (rcs-revision 1.8)
)
(/usr/share/texmf/tex/generic/pgf/basiclayer/pgfcorearrows.code.tex
File: pgfcorearrows.code.tex 2008/04/23  (rcs-revision 1.11)
)
(/usr/share/texmf/tex/generic/pgf/basiclayer/pgfcoreshade.code.tex
File: pgfcoreshade.code.tex 2008/11/23  (rcs-revision 1.13)
\pgf@max=\dimen173
\pgf@sys@shading@range@num=\count150
)
(/usr/share/texmf/tex/generic/pgf/basiclayer/pgfcoreimage.code.tex
File: pgfcoreimage.code.tex 2010/03/25  (rcs-revision 1.16)

(/usr/share/texmf/tex/generic/pgf/basiclayer/pgfcoreexternal.code.tex
File: pgfcoreexternal.code.tex 2010/09/01  (rcs-revision 1.17)
\pgfexternal@startupbox=\box68
))
(/usr/share/texmf/tex/generic/pgf/basiclayer/pgfcorelayers.code.tex
File: pgfcorelayers.code.tex 2010/08/27  (rcs-revision 1.2)
)
(/usr/share/texmf/tex/generic/pgf/basiclayer/pgfcoretransparency.code.tex
File: pgfcoretransparency.code.tex 2008/01/17  (rcs-revision 1.2)
)
(/usr/share/texmf/tex/generic/pgf/basiclayer/pgfcorepatterns.code.tex
File: pgfcorepatterns.code.tex 2009/07/02  (rcs-revision 1.3)
)))
(/usr/share/texmf/tex/generic/pgf/modules/pgfmoduleshapes.code.tex
File: pgfmoduleshapes.code.tex 2010/09/09  (rcs-revision 1.13)
\pgfnodeparttextbox=\box69
)
(/usr/share/texmf/tex/generic/pgf/modules/pgfmoduleplot.code.tex
File: pgfmoduleplot.code.tex 2010/10/22  (rcs-revision 1.8)
)
(/usr/share/texmf/tex/latex/pgf/compatibility/pgfcomp-version-0-65.sty
Package: pgfcomp-version-0-65 2007/07/03 v2.10 (rcs-revision 1.7)
\pgf@nodesepstart=\dimen174
\pgf@nodesepend=\dimen175
)
(/usr/share/texmf/tex/latex/pgf/compatibility/pgfcomp-version-1-18.sty
Package: pgfcomp-version-1-18 2007/07/23 v2.10 (rcs-revision 1.1)
))
(/usr/share/texmf/tex/latex/pgf/utilities/pgffor.sty
(/usr/share/texmf/tex/latex/pgf/utilities/pgfkeys.sty
(/usr/share/texmf/tex/generic/pgf/utilities/pgfkeys.code.tex))
(/usr/share/texmf/tex/generic/pgf/utilities/pgffor.code.tex
Package: pgffor 2010/03/23 v2.10 (rcs-revision 1.18)
\pgffor@iter=\dimen176
\pgffor@skip=\dimen177
\pgffor@stack=\toks36
\pgffor@toks=\toks37
))
(/usr/share/texmf/tex/generic/pgf/frontendlayer/tikz/tikz.code.tex
Package: tikz 2010/10/13 v2.10 (rcs-revision 1.76)

(/usr/share/texmf/tex/generic/pgf/libraries/pgflibraryplothandlers.code.tex
File: pgflibraryplothandlers.code.tex 2010/05/31 v2.10 (rcs-revision 1.15)
\pgf@plot@mark@count=\count151
\pgfplotmarksize=\dimen178
)
\tikz@lastx=\dimen179
\tikz@lasty=\dimen180
\tikz@lastxsaved=\dimen181
\tikz@lastysaved=\dimen182
\tikzleveldistance=\dimen183
\tikzsiblingdistance=\dimen184
\tikz@figbox=\box70
\tikz@tempbox=\box71
\tikztreelevel=\count152
\tikznumberofchildren=\count153
\tikznumberofcurrentchild=\count154
\tikz@fig@count=\count155

(/usr/share/texmf/tex/generic/pgf/modules/pgfmodulematrix.code.tex
File: pgfmodulematrix.code.tex 2010/08/24  (rcs-revision 1.4)
\pgfmatrixcurrentrow=\count156
\pgfmatrixcurrentcolumn=\count157
\pgf@matrix@numberofcolumns=\count158
)
\tikz@expandcount=\count159

(/usr/share/texmf/tex/generic/pgf/frontendlayer/tikz/libraries/tikzlibrarytopat
hs.code.tex
File: tikzlibrarytopaths.code.tex 2008/06/17 v2.10 (rcs-revision 1.2)
))) (/usr/share/texmf-texlive/tex/latex/tools/calc.sty
Package: calc 2007/08/22 v4.3 Infix arithmetic (KKT,FJ)
\calc@Acount=\count160
\calc@Bcount=\count161
\calc@Adimen=\dimen185
\calc@Bdimen=\dimen186
\calc@Askip=\skip66
\calc@Bskip=\skip67
LaTeX Info: Redefining \setlength on input line 76.
LaTeX Info: Redefining \addtolength on input line 77.
\calc@Ccount=\count162
\calc@Cskip=\skip68
))
(/usr/share/texmf-texlive/tex/latex/listings/listings.sty
\lst@mode=\count163
\lst@gtempboxa=\box72
\lst@token=\toks38
\lst@length=\count164
\lst@currlwidth=\dimen187
\lst@column=\count165
\lst@pos=\count166
\lst@lostspace=\dimen188
\lst@width=\dimen189
\lst@newlines=\count167
\lst@lineno=\count168
\lst@maxwidth=\dimen190

(/usr/share/texmf-texlive/tex/latex/listings/lstmisc.sty
File: lstmisc.sty 2007/02/22 1.4 (Carsten Heinz)
\c@lstnumber=\count169
\lst@skipnumbers=\count170
\lst@framebox=\box73
)
(/usr/share/texmf-texlive/tex/latex/listings/listings.cfg
File: listings.cfg 2007/02/22 1.4 listings configuration
))
Package: listings 2007/02/22 1.4 (Carsten Heinz)

(/usr/share/texmf-texlive/tex/latex/oberdiek/hypcap.sty
Package: hypcap 2008/09/08 v1.10 Adjusting anchors of captions (HO)
)
\c@thm=\count171

(/usr/share/texmf-texlive/tex/latex/listings/lstlang1.sty
File: lstlang1.sty 2004/09/05 1.3 listings language file
)
(/usr/share/texmf-texlive/tex/latex/listings/lstmisc.sty
File: lstmisc.sty 2007/02/22 1.4 (Carsten Heinz)
)
Package hyperref Info: Option `colorlinks' set `true' on input line 81.
\c@mydef=\count172
 (./thesis.aux

LaTeX Warning: Label `chap2:comparsion' multiply defined.


LaTeX Warning: Label `visitElementNode' multiply defined.


LaTeX Warning: Label `chap3:comparsion' multiply defined.

)
\openout1 = `thesis.aux'.

LaTeX Font Info:    Checking defaults for OML/cmm/m/it on input line 165.
LaTeX Font Info:    ... okay on input line 165.
LaTeX Font Info:    Checking defaults for T1/cmr/m/n on input line 165.
LaTeX Font Info:    ... okay on input line 165.
LaTeX Font Info:    Checking defaults for OT1/cmr/m/n on input line 165.
LaTeX Font Info:    ... okay on input line 165.
LaTeX Font Info:    Checking defaults for OMS/cmsy/m/n on input line 165.
LaTeX Font Info:    ... okay on input line 165.
LaTeX Font Info:    Checking defaults for OMX/cmex/m/n on input line 165.
LaTeX Font Info:    ... okay on input line 165.
LaTeX Font Info:    Checking defaults for U/cmr/m/n on input line 165.
LaTeX Font Info:    ... okay on input line 165.
LaTeX Font Info:    Checking defaults for PD1/pdf/m/n on input line 165.
LaTeX Font Info:    ... okay on input line 165.
 (/usr/share/texmf-texlive/tex/context/base/supp-pdf.mkii
[Loading MPS to PDF converter (version 2006.09.02).]
\scratchcounter=\count173
\scratchdimen=\dimen191
\scratchbox=\box74
\nofMPsegments=\count174
\nofMParguments=\count175
\everyMPshowfont=\toks39
\MPscratchCnt=\count176
\MPscratchDim=\dimen192
\MPnumerator=\count177
\everyMPtoPDFconversion=\toks40
)
Package hyperref Info: Link coloring ON on input line 165.
 (/usr/share/texmf-texlive/tex/latex/hyperref/nameref.sty
Package: nameref 2007/05/29 v2.31 Cross-referencing by name of section

(/usr/share/texmf-texlive/tex/latex/oberdiek/refcount.sty
Package: refcount 2008/08/11 v3.1 Data extraction from references (HO)
)
\c@section@level=\count178
)
LaTeX Info: Redefining \ref on input line 165.
LaTeX Info: Redefining \pageref on input line 165.
 (./thesis.out)
(./thesis.out)
\@outlinefile=\write5
\openout5 = `thesis.out'.

\AtBeginShipoutBox=\box75
 ABD: EveryShipout initializing macros
\c@lstlisting=\count179
 (./titlepage.tex
LaTeX Font Info:    Try loading font information for U+msa on input line 3.

(/usr/share/texmf-texlive/tex/latex/amsfonts/umsa.fd
File: umsa.fd 2009/06/22 v3.00 AMS symbols A
)
LaTeX Font Info:    Try loading font information for U+msb on input line 3.

(/usr/share/texmf-texlive/tex/latex/amsfonts/umsb.fd
File: umsb.fd 2009/06/22 v3.00 AMS symbols B
)

LaTeX Font Warning: Font shape `OT1/cmss/m/it' in size <10> not available
(Font)              Font shape `OT1/cmss/m/sl' tried instead on input line 21.


LaTeX Font Warning: Font shape `OT1/cmss/m/it' in size <9> not available
(Font)              Font shape `OT1/cmss/m/sl' tried instead on input line 31.


Overfull \hbox (31.33708pt too wide) in paragraph at lines 30--34
 [][] 
 []

[1

{/home/johannes/.texmf-var/fonts/map/pdftex/updmap/pdftex.map}])
(./preamble.tex [1

]) (./abstract.tex)

Package hyperref Warning: No destination for bookmark of \addcontentsline,
(hyperref)                destination is added on input line 194.

pdfTeX warning (ext4): destination with the same identifier (name{page.i}) has 
been already used, duplicate ignored
<to be read again> 
                   \relax 
l.199 \newpage
               [1] (./thesis.toc [2

])
\tf@toc=\write6
\openout6 = `thesis.toc'.

 [3] (./thesis.lof [4])
\tf@lof=\write7
\openout7 = `thesis.lof'.

 [5] (./thesis.loa)
\tf@loa=\write8
\openout8 = `thesis.loa'.

[6

] (./thesis.lol)
\tf@lol=\write9
\openout9 = `thesis.lol'.

 [7

] (./thesis.lot)
\tf@lot=\write10
\openout10 = `thesis.lot'.

 [8] (./thesis.tdo)
\tf@tdo=\write11
\openout11 = `thesis.tdo'.

 [9] [10

]
(./introduction.tex
Overfull \hbox (2.57144pt too wide) in paragraph at lines 17--18
\OT1/cmr/m/n/10 these tree-structures are ei-ther im-ported through it-er-a-tiv
ely cal-cu-lat-ing struc-
 []

[1] [2] <figures/gvimdiff.png, id=600, 1023.825pt x 345.29pt>
File: figures/gvimdiff.png Graphic file (type png)

<use figures/gvimdiff.png> [3 <./figures/gvimdiff.png>] [4] [5]) [6]
(./relatedwork.tex
<figures/visualanalyticsprocess.png, id=631, 379.4175pt x 216.05719pt>
File: figures/visualanalyticsprocess.png Graphic file (type png)

<use figures/visualanalyticsprocess.png> [7

]
Overfull \hbox (11.32146pt too wide) in paragraph at lines 52--53
[]\OT1/cmr/m/n/10 Many al-go-rithms have been de-vel-oped to de-ter-mine dif-fe
r-ences in tree-structures
 []

[8 <./figures/visualanalyticsprocess.png>]
Overfull \hbox (0.5437pt too wide) in paragraph at lines 80--81
[]\OT1/cmr/m/n/10 Some of the most pop-u-lar ap-proaches to de-tect dif-fer-enc
es in XML-documents
 []

[9] [10] [11]
Overfull \hbox (22.38483pt too wide) in paragraph at lines 136--137
[]\OT1/cmr/m/n/10 Signatures de-fined as $\OML/cmm/m/it/10 Signature\OT1/cmr/m/
n/10 (\OML/cmm/m/it/10 x\OT1/cmr/m/n/10 ) = \OML/cmm/m/it/10 =name\OT1/cmr/m/n/
10 (\OML/cmm/m/it/10 x[]\OT1/cmr/m/n/10 )\OML/cmm/m/it/10 =:::=name\OT1/cmr/m/n
/10 (\OML/cmm/m/it/10 x[]\OT1/cmr/m/n/10 )\OML/cmm/m/it/10 =name\OT1/cmr/m/n/10
 (\OML/cmm/m/it/10 x\OT1/cmr/m/n/10 )\OML/cmm/m/it/10 =type\OT1/cmr/m/n/10 (\OM
L/cmm/m/it/10 x\OT1/cmr/m/n/10 )$
 []


Overfull \hbox (16.30312pt too wide) in paragraph at lines 146--147
[]\OT1/cmr/bx/n/10 Mapping\OT1/cmr/m/n/10 : $\OML/cmm/m/it/10 O\OT1/cmr/m/n/10 
(\OMS/cmsy/m/n/10 j\OML/cmm/m/it/10 T[]\OMS/cmsy/m/n/10 j ^^B j\OML/cmm/m/it/10
 T[]\OMS/cmsy/m/n/10 j\OT1/cmr/m/n/10 ) \OMS/cmsy/m/n/10 ^^B \OML/cmm/m/it/10 m
ax\OMS/cmsy/m/n/10 f\OML/cmm/m/it/10 deg\OT1/cmr/m/n/10 (\OML/cmm/m/it/10 T[]; 
deg\OT1/cmr/m/n/10 (\OML/cmm/m/it/10 T[]\OT1/cmr/m/n/10 )\OMS/cmsy/m/n/10 g ^^B
 [][]\OT1/cmr/m/n/10 (\OML/cmm/m/it/10 max\OMS/cmsy/m/n/10 f\OML/cmm/m/it/10 de
g\OT1/cmr/m/n/10 (\OML/cmm/m/it/10 T[]\OT1/cmr/m/n/10 )\OML/cmm/m/it/10 ; deg\O
T1/cmr/m/n/10 (\OML/cmm/m/it/10 T[]\OT1/cmr/m/n/10 )\OMS/cmsy/m/n/10 g\OT1/cmr/
m/n/10 ))$ 
 []

[12]
Overfull \hbox (11.57088pt too wide) in paragraph at lines 172--173
\OT1/cmr/m/n/10 moved. Up-dates are non-the-less han-dled through the com-bi-na
-tion of \OT1/cmtt/m/n/10 delete/insert
 []

[13]
Underfull \vbox (badness 4765) has occurred while \output is active []

 [14]
Overfull \hbox (2.57217pt too wide) in paragraph at lines 224--225
 \OT1/cmr/bx/n/10 TimeRadarTrees[[]][] \OT1/cmr/m/n/10 To vi-su-al-ize weighted
 dy-namic com-pound Di-graphs, which
 []

<figures/timeradar.pdf, id=725, 155.58125pt x 155.58125pt>
File: figures/timeradar.pdf Graphic file (type pdf)

<use figures/timeradar.pdf> [15]
Underfull \vbox (badness 7326) has occurred while \output is active []

 [16 <./figures/timeradar.pdf>]
<figures/treemap-spiral.pdf, id=777, 242.9075pt x 89.33376pt>
File: figures/treemap-spiral.pdf Graphic file (type pdf)

<use figures/treemap-spiral.pdf>
<figures/treevolution.pdf, id=781, 331.2375pt x 240.9pt>
File: figures/treevolution.pdf Graphic file (type pdf)

<use figures/treevolution.pdf>
<figures/treejuxtaposer.pdf, id=785, 236.885pt x 120.45pt>
File: figures/treejuxtaposer.pdf Graphic file (type pdf)

<use figures/treejuxtaposer.pdf>
<figures/codeflows.pdf, id=789, 172.645pt x 331.2375pt>
File: figures/codeflows.pdf Graphic file (type pdf)

<use figures/codeflows.pdf> [17 <./figures/treemap-spiral.pdf>]
<figures/ripple.pdf, id=884, 214.8025pt x 361.35pt>
File: figures/ripple.pdf Graphic file (type pdf)
 <use figures/ripple.pdf>
Underfull \vbox (badness 7397) has occurred while \output is active []

 [18 <./figures/treevolution.pdf>]
<figures/ripple-clutter.pdf, id=911, 228.855pt x 185.69376pt>
File: figures/ripple-clutter.pdf Graphic file (type pdf)

<use figures/ripple-clutter.pdf> [19 <./figures/treejuxtaposer.pdf>] [20])
[21] [22 <./figures/codeflows.pdf>] [23 <./figures/ripple.pdf>] [24 <./figures/
ripple-clutter.pdf>] (./differences.tex
<figures/importdata.pdf, id=1192, 577.15625pt x 366.36874pt>
File: figures/importdata.pdf Graphic file (type pdf)

<use figures/importdata.pdf> [25

]
Overfull \hbox (1.31496pt too wide) in paragraph at lines 18--19
[]\OT1/cmr/m/n/10 Transactions are di-vided into \OT1/cmtt/m/n/10 read\OT1/cmr/
m/n/10 - and \OT1/cmtt/m/n/10 write\OT1/cmr/m/n/10 -transactions. Read-
 []

[26 <./figures/importdata.pdf>]
<figures/encoding.pdf, id=1220, 221.82875pt x 190.7125pt>
File: figures/encoding.pdf Graphic file (type pdf)

<use figures/encoding.pdf> [27 <./figures/encoding.pdf>] [28]
Package hyperref Info: bookmark level for unknown algocf defaults to 0 on input
 line 134.

Underfull \hbox (badness 10000) detected at line 135
[][]
 []

[29] [30]
Underfull \hbox (badness 10000) detected at line 162
[][]
 []


Underfull \hbox (badness 10000) detected at line 199
[][]
 []


Underfull \hbox (badness 10000) detected at line 220
[][]
 []

[31] [32]

LaTeX Warning: Reference `deletes' on page 33 undefined on input line 270.

[33] [34]
Underfull \hbox (badness 10000) detected at line 338
[][]
 []


Underfull \hbox (badness 10000) detected at line 389
[][]
 []

[35] [36] [37] <figures/diff.pdf, id=1438, 547.04375pt x 302.12875pt>
File: figures/diff.pdf Graphic file (type pdf)

<use figures/diff.pdf> [38 <./figures/diff.pdf>] [39]
Underfull \hbox (badness 10000) detected at line 493
[][]
 []

[40]
Underfull \hbox (badness 10000) detected at line 551
[][]
 []

[41] [42] [43] [44]
Underfull \hbox (badness 10000) detected at line 586
[][]
 []


Overfull \hbox (5.2105pt too wide) in paragraph at lines 591--592
\OT1/cmr/m/n/10 modification-loads (Fig. [][]13[][]) and dif-fer-ent doc-u-ment
 sizes with scaled modification-
 []

[45] <figures/100MB-scaling.pdf, id=1563, 466.74374pt x 318.18875pt>
File: figures/100MB-scaling.pdf Graphic file (type pdf)

<use figures/100MB-scaling.pdf>
<figures/diff-docsize-scale.pdf, id=1566, 454.69875pt x 253.94875pt>
File: figures/diff-docsize-scale.pdf Graphic file (type pdf)

<use figures/diff-docsize-scale.pdf>
Underfull \vbox (badness 10000) has occurred while \output is active []

 [46 <./figures/100MB-scaling.pdf>]
Package hyperref Info: bookmark level for unknown todo defaults to 0 on input l
ine 666.
 [47 <./figures/diff-docsize-scale.pdf>])
Overfull \hbox (1.34564pt too wide) in paragraph at lines 675--235
\OT1/cmtt/m/n/10 INSERT/DELETE \OT1/cmr/m/n/10 and \OT1/cmtt/m/n/10 DELETE/INSE
RT \OT1/cmr/m/n/10 com-bi-na-tions with the same node-IDs. Move
 []

[48] (./visualizations.tex
<figures/mvc.pdf, id=1598, 547.04375pt x 278.03876pt>
File: figures/mvc.pdf Graphic file (type pdf)
 <use figures/mvc.pdf>
[49

] [50 <./figures/mvc.pdf>]
<figures/aggregation.pdf, id=1621, 534.99875pt x 429.605pt>
File: figures/aggregation.pdf Graphic file (type pdf)

<use figures/aggregation.pdf> [51 <./figures/aggregation.pdf>]
<figures/treetext.png, id=1641, 1220.56pt x 910.40125pt>
File: figures/treetext.png Graphic file (type png)

<use figures/treetext.png>

LaTeX Warning: Reference `Algorithm' on page 52 undefined on input line 38.

[52 <./figures/treetext.png>] [53]
<figures/sunbursttextview-overview.png, id=1654, 1522.68875pt x 910.40125pt>
File: figures/sunbursttextview-overview.png Graphic file (type png)

<use figures/sunbursttextview-overview.png>
Missing character: There is no Â in font cmr10!
Missing character: There is no ° in font cmr10!

Underfull \vbox (badness 10000) has occurred while \output is active []

 [54 <./figures/sunbursttextview-overview.png>]
<figures/sunburstview-cut.png, id=1663, 630.355pt x 672.5125pt>
File: figures/sunburstview-cut.png Graphic file (type png)

<use figures/sunburstview-cut.png>
Underfull \vbox (badness 10000) has occurred while \output is active []

 [55 <./figures/sunburstview-cut.png>]
<figures/sunburst-adjusted-scale-cut.png, id=1671, 975.645pt x 758.835pt>
File: figures/sunburst-adjusted-scale-cut.png Graphic file (type png)

<use figures/sunburst-adjusted-scale-cut.png>
<figures/nodelink.png, id=1673, 1220.56pt x 910.40125pt>
File: figures/nodelink.png Graphic file (type png)

<use figures/nodelink.png> [56]
<figures/fisheye.png, id=1683, 1220.56pt x 910.40125pt>
File: figures/fisheye.png Graphic file (type png)

<use figures/fisheye.png>
<figures/zooming.png, id=1684, 1220.56pt x 910.40125pt>
File: figures/zooming.png Graphic file (type png)

<use figures/zooming.png>
Underfull \vbox (badness 10000) has occurred while \output is active []

 [57 <./figures/sunburst-adjusted-scale-cut.png>]
<figures/sunburstxpathquery.png, id=1691, 1220.56pt x 910.40125pt>
File: figures/sunburstxpathquery.png Graphic file (type png)

<use figures/sunburstxpathquery.png> [58 <./figures/nodelink.png>] [59 <./figur
es/fisheye.png>] [60 <./figures/zooming.png>]
Underfull \vbox (badness 2096) has occurred while \output is active []

 [61 <./figures/sunburstxpathquery.png>]
<figures/sunburst.pdf, id=1721, 565.11125pt x 508.90125pt>
File: figures/sunburst.pdf Graphic file (type pdf)

<use figures/sunburst.pdf> [62 <./figures/sunburst.pdf>]
<figures/tree-axis.pdf, id=1734, 430.60875pt x 342.27875pt>
File: figures/tree-axis.pdf Graphic file (type pdf)

<use figures/tree-axis.pdf> [63]
Underfull \vbox (badness 10000) has occurred while \output is active []

 [64 <./figures/tree-axis.pdf>]
Overfull \hbox (5.10799pt too wide) in paragraph at lines 182--183
\OT1/cmtt/m/n/10 MOVEDFROM\OT1/cmr/m/n/10 , the ac-tual move-ment can-not be do
ne be-fore the next call to $\OML/cmm/m/it/10 hasNext\OT1/cmr/m/n/10 ()$
 []


Underfull \hbox (badness 10000) detected at line 221
[][]
 []


Underfull \hbox (badness 10000) detected at line 279
[][]
 []

[65] [66] [67]
Underfull \hbox (badness 10000) detected at line 306
[][]
 []

[68] <figures/sunburst-layout.pdf, id=1858, 534.99875pt x 445.665pt>
File: figures/sunburst-layout.pdf Graphic file (type pdf)

<use figures/sunburst-layout.pdf>
Underfull \hbox (badness 10000) detected at line 369
[][]
 []

[69 <./figures/sunburst-layout.pdf>] [70]
Underfull \hbox (badness 1910) in paragraph at lines 435--435
[]\OT1/cmr/bx/n/10 Algorithm 14\OT1/cmr/m/n/10 : De-rives \OT1/cmtt/m/n/10 desc
endant-or-self\OT1/cmr/m/n/10 -count as well as the
 []


Underfull \hbox (badness 10000) detected at line 436
[][]
 []

<figures/without-pruning.png, id=1909, 961.5925pt x 859.21pt>
File: figures/without-pruning.png Graphic file (type png)

<use figures/without-pruning.png> [71] [72]
<figures/itemsize-pruned.png, id=1955, 911.405pt x 852.18375pt>
File: figures/itemsize-pruned.png Graphic file (type png)

<use figures/itemsize-pruned.png> [73 <./figures/without-pruning.png>]
<figures/diff-pruned.png, id=1964, 961.5925pt x 859.21pt>
File: figures/diff-pruned.png Graphic file (type png)

<use figures/diff-pruned.png>
<figures/diff-without-samehashes-pruned.png, id=1966, 906.38625pt x 839.135pt>
File: figures/diff-without-samehashes-pruned.png Graphic file (type png)

<use figures/diff-without-samehashes-pruned.png>
Underfull \vbox (badness 6157) has occurred while \output is active []

 [74 <./figures/itemsize-pruned.png>] [75 <./figures/diff-pruned.png>] [76 <./f
igures/diff-without-samehashes-pruned.png>] [77]
<figures/moves-cut.png, id=1995, 701.62125pt x 702.625pt>
File: figures/moves-cut.png Graphic file (type png)

<use figures/moves-cut.png>
<figures/smallmultiple-differential.png, id=1997, 1220.56pt x 910.40125pt>
File: figures/smallmultiple-differential.png Graphic file (type png)

<use figures/smallmultiple-differential.png>
<figures/smallmultiple-incremental.png, id=1999, 1220.56pt x 910.40125pt>
File: figures/smallmultiple-incremental.png Graphic file (type png)

<use figures/smallmultiple-incremental.png> [78] [79 <./figures/moves-cut.png>]
[80 <./figures/smallmultiple-differential.png>]
Underfull \vbox (badness 2096) has occurred while \output is active []

 [81 <./figures/smallmultiple-incremental.png>]
<figures/gui-performance.pdf, id=2028, 466.74374pt x 246.9225pt>
File: figures/gui-performance.pdf Graphic file (type pdf)

<use figures/gui-performance.pdf>
<figures/gui-performance-movedet.pdf, id=2029, 454.69875pt x 253.94875pt>
File: figures/gui-performance-movedet.pdf Graphic file (type pdf)

<use figures/gui-performance-movedet.pdf>
Underfull \vbox (badness 10000) has occurred while \output is active []

 [82 <./figures/gui-performance.pdf>] [83 <./figures/gui-performance-movedet.pd
f>])
[84] (./applications.tex
Overfull \hbox (1.12706pt too wide) in paragraph at lines 3--4
\OT1/cmr/m/n/10 sual An-a-lyt-ics ap-proach of de-tect-ing and vi-su-al-iz-ing 
dif-fer-ences in tree-structures.
 []

<figures/lfg.png, id=2057, 1220.56pt x 910.40125pt>
File: figures/lfg.png Graphic file (type png)
 <use figures/lfg.png>
Package hyperref Info: bookmark level for unknown lstlisting defaults to 0 on i
nput line 31.
LaTeX Font Info:    Try loading font information for OML+cmr on input line 32.

(/usr/share/texmf-texlive/tex/latex/base/omlcmr.fd
File: omlcmr.fd 1999/05/25 v2.5h Standard LaTeX font definitions
)
LaTeX Font Info:    Font shape `OML/cmr/m/n' in size <9> not available
(Font)              Font shape `OML/cmm/m/it' tried instead on input line 32.
 [85

] [86 <./figures/lfg.png>] <figures/linguistics.png, id=2091, 1206.5075pt x 895
.345pt>
File: figures/linguistics.png Graphic file (type png)

<use figures/linguistics.png> [87 <./figures/linguistics.png>]
Overfull \hbox (2.87756pt too wide) in paragraph at lines 88--89
[][][][][][][][][][][][][][][][][][][][] 
 []

[88]
Overfull \hbox (36.17767pt too wide) in paragraph at lines 108--109
[][][][][][][][][][][][][][][][][][][][][][][][][][][][][][] 
 []


Overfull \hbox (3.0438pt too wide) in paragraph at lines 125--126
\OT1/cmr/m/n/10 MapRe-duce frame-works rely on a pro-grammable mech-a-nism to d
o this. In Hadoop
 []

[89]
LaTeX Font Info:    Try loading font information for OMS+cmr on input line 143.

 (/usr/share/texmf-texlive/tex/latex/base/omscmr.fd
File: omscmr.fd 1999/05/25 v2.5h Standard LaTeX font definitions
)
LaTeX Font Info:    Font shape `OMS/cmr/m/n' in size <9> not available
(Font)              Font shape `OMS/cmsy/m/n' tried instead on input line 143.
 [90]
<figures/wikipedia-rev7071.png, id=2189, 1350.04375pt x 950.55125pt>
File: figures/wikipedia-rev7071.png Graphic file (type png)

<use figures/wikipedia-rev7071.png>
<figures/wikipedia-without-pruned-modifications.png, id=2191, 1350.04375pt x 95
0.55125pt>
File: figures/wikipedia-without-pruned-modifications.png Graphic file (type png
)
 <use figures/wikipedia-without-pruned-modifications.png> [91]
[92 <./figures/wikipedia-rev7071.png>]
<figures/wikipedia-rev90106.png, id=2207, 1382.16376pt x 956.57375pt>
File: figures/wikipedia-rev90106.png Graphic file (type png)

<use figures/wikipedia-rev90106.png>
<figures/wikipedia-incremental.png, id=2210, 1206.5075pt x 895.345pt>
File: figures/wikipedia-incremental.png Graphic file (type png)

<use figures/wikipedia-incremental.png>
Underfull \vbox (badness 10000) has occurred while \output is active []

 [93 <./figures/wikipedia-without-pruned-modifications.png>]
<figures/wikipedia-rev7374.png, id=2216, 1372.12625pt x 936.49875pt>
File: figures/wikipedia-rev7374.png Graphic file (type png)

<use figures/wikipedia-rev7374.png>
<figures/wikipedia-incremental-add.png, id=2218, 1206.5075pt x 895.345pt>
File: figures/wikipedia-incremental-add.png Graphic file (type png)

<use figures/wikipedia-incremental-add.png> [94 <./figures/wikipedia-rev90106.p
ng>]
Overfull \hbox (3.6751pt too wide) in paragraph at lines 268--269
\OT1/cmr/m/it/10 TreeMap\OT1/cmr/m/n/10 -view. The XPath-query \OT1/cmtt/m/n/10
 //element()[@st[]mode="0100664"] \OT1/cmr/m/n/10 high-lights
 []

[95 <./figures/wikipedia-incremental.png>]
<figures/fsml-gui.png, id=2235, 1392.20125pt x 902.37125pt>
File: figures/fsml-gui.png Graphic file (type png)

<use figures/fsml-gui.png>
<figures/gui-fsml-fulldiff.png, id=2237, 1439.3775pt x 898.35625pt>
File: figures/gui-fsml-fulldiff.png Graphic file (type png)

<use figures/gui-fsml-fulldiff.png>
Underfull \vbox (badness 10000) has occurred while \output is active []

 [96 <./figures/wikipedia-rev7374.png>] [97 <./figures/wikipedia-incremental-ad
d.png>]
[98 <./figures/fsml-gui.png>]
Underfull \vbox (badness 10000) has occurred while \output is active []

 [99 <./figures/gui-fsml-fulldiff.png>]
Overfull \hbox (0.34926pt too wide) in paragraph at lines 335--336
[]\OT1/cmr/m/n/10 While this rep-re-sen-ta-tion cur-rently does not in-cor-po-r
ate most of the strengths
 []

<figures/fsml-changes-itemsize-pruning.png, id=2289, 1557.82pt x 895.345pt>
File: figures/fsml-changes-itemsize-pruning.png Graphic file (type png)

<use figures/fsml-changes-itemsize-pruning.png>
<figures/fsml-pruned-by-hashes.png, id=2291, 1304.875pt x 894.34125pt>
File: figures/fsml-pruned-by-hashes.png Graphic file (type png)

<use figures/fsml-pruned-by-hashes.png>
<figures/fsml-incremental-pruned-by-samehashes.png, id=2293, 1206.5075pt x 895.
345pt>
File: figures/fsml-incremental-pruned-by-samehashes.png Graphic file (type png)

 <use figures/fsml-incremental-pruned-by-samehashes.png>
Underfull \vbox (badness 7925) has occurred while \output is active []

 [100 <./figures/fsml-changes-itemsize-pruning.png>] [101 <./figures/fsml-prune
d-by-hashes.png>]) [102 <./figures/fsml-incremental-pruned-by-samehashes.png>]
(./discussion.tex [103

] [104]
Overfull \hbox (1.18262pt too wide) in paragraph at lines 19--20
\OT1/cmr/m/n/10 vi-su-al-iza-tions de-pend on node-IDs (Spiral-/Contrast-Treema
p[[]]) or the com-
 []


Underfull \vbox (badness 2158) has occurred while \output is active []

 [105])

LaTeX Warning: Marginpar on page 106 moved.

[106] (./conclusion.tex [107

] [108] [109]) [110] (./treetank.tex
Overfull \hbox (7.29362pt too wide) in paragraph at lines 21--22
\OT1/cmr/m/n/10 times no ad-ja-cent text nodes are cre-ated which is con-sis-te
nt with the XPath/X-
 []

[111

]) [112] (./acknowledgements.tex
Underfull \hbox (badness 1033) in paragraph at lines 3--3
[][][][]\OT1/cmr/m/n/10 FERTIG 
 []


Underfull \hbox (badness 1033) in paragraph at lines 3--3
[][][][]\OT1/cmr/m/n/10 FERTIG 
 []

) [113

] (./thesis.bbl
Underfull \hbox (badness 1521) in paragraph at lines 25--28
[]\OT1/cmr/m/n/10 D. Keim, G. An-drienko, J. Fekete, C. G^^?org, J. Kohlham-mer
, and
 []

[114

]
Underfull \hbox (badness 10000) in paragraph at lines 138--142
\OT1/cmr/m/n/10 technetwork / server-[]storage / solaris11 / technologies / zfs
-[]338092 . html ?
 []

) [115] (./thesis.aux)

LaTeX Warning: There were undefined references.


LaTeX Warning: There were multiply-defined labels.

 ) 
Here is how much of TeX's memory you used:
 18253 strings out of 493848
 305405 string characters out of 1152824
 439598 words of memory out of 3000000
 20239 multiletter control sequences out of 15000+50000
 16017 words of font info for 60 fonts, out of 3000000 for 9000
 714 hyphenation exceptions out of 8191
 63i,22n,72p,3090b,1820s stack positions out of 5000i,500n,10000p,200000b,50000s
pdfTeX warning (dest): name{Hfootnote.4} has been referenced but does not exi
st, replaced by a fixed one

</usr/share/texmf-texlive/fonts/type1/bitstrea/charter/bchb8a.pfb></usr/share/t
exmf-texlive/fonts/type1/public/amsfonts/cm/cmbx10.pfb></usr/share/texmf-texliv
e/fonts/type1/public/amsfonts/cm/cmbx12.pfb></usr/share/texmf-texlive/fonts/typ
e1/public/amsfonts/cm/cmbx7.pfb></usr/share/texmf-texlive/fonts/type1/public/am
sfonts/cm/cmbx9.pfb></usr/share/texmf-texlive/fonts/type1/public/amsfonts/cm/cm
bxti10.pfb></usr/share/texmf-texlive/fonts/type1/public/amsfonts/cm/cmex10.pfb>
</usr/share/texmf-texlive/fonts/type1/public/amsfonts/cm/cmmi10.pfb></usr/share
/texmf-texlive/fonts/type1/public/amsfonts/cm/cmmi5.pfb></usr/share/texmf-texli
ve/fonts/type1/public/amsfonts/cm/cmmi7.pfb></usr/share/texmf-texlive/fonts/typ
e1/public/amsfonts/cm/cmmi9.pfb></usr/share/texmf-texlive/fonts/type1/public/am
sfonts/cm/cmr10.pfb></usr/share/texmf-texlive/fonts/type1/public/amsfonts/cm/cm
r5.pfb></usr/share/texmf-texlive/fonts/type1/public/amsfonts/cm/cmr6.pfb></usr/
share/texmf-texlive/fonts/type1/public/amsfonts/cm/cmr7.pfb></usr/share/texmf-t
exlive/fonts/type1/public/amsfonts/cm/cmr9.pfb></usr/share/texmf-texlive/fonts/
type1/public/amsfonts/cm/cmss10.pfb></usr/share/texmf-texlive/fonts/type1/publi
c/amsfonts/cm/cmss12.pfb></usr/share/texmf-texlive/fonts/type1/public/amsfonts/
cm/cmss17.pfb></usr/share/texmf-texlive/fonts/type1/public/amsfonts/cm/cmss9.pf
b></usr/share/texmf-texlive/fonts/type1/public/amsfonts/cm/cmssbx10.pfb></usr/s
hare/texmf-texlive/fonts/type1/public/amsfonts/cm/cmssi10.pfb></usr/share/texmf
-texlive/fonts/type1/public/amsfonts/cm/cmssi9.pfb></usr/share/texmf-texlive/fo
nts/type1/public/amsfonts/cm/cmsy10.pfb></usr/share/texmf-texlive/fonts/type1/p
ublic/amsfonts/cm/cmsy6.pfb></usr/share/texmf-texlive/fonts/type1/public/amsfon
ts/cm/cmsy7.pfb></usr/share/texmf-texlive/fonts/type1/public/amsfonts/cm/cmsy9.
pfb></usr/share/texmf-texlive/fonts/type1/public/amsfonts/cm/cmti10.pfb></usr/s
hare/texmf-texlive/fonts/type1/public/amsfonts/cm/cmti9.pfb></usr/share/texmf-t
exlive/fonts/type1/public/amsfonts/cm/cmtt10.pfb></usr/share/texmf-texlive/font
s/type1/public/amsfonts/cm/cmtt9.pfb></usr/share/texmf-texlive/fonts/type1/urw/
times/utmb8a.pfb></usr/share/texmf-texlive/fonts/type1/urw/times/utmr8a.pfb>
Output written on thesis.pdf (127 pages, 10386332 bytes).
PDF statistics:
 2671 PDF objects out of 2984 (max. 8388607)
 831 named destinations out of 1000 (max. 500000)
 706 words of extra memory for PDF output out of 10000 (max. 10000000)

